<?xml version="1.0" encoding="utf-8"?><testsuites name="pytest tests"><testsuite name="pytest" errors="0" failures="0" skipped="0" tests="14" time="2.493" timestamp="2026-04-18T11:02:14.996509+00:00" hostname="agent-env-d367edc9-16ce-4583-914a-d90a373dacc0"><testcase classname="backend.tests.test_blog_slots.TestBlogAdmin" name="test_get_blog_articles_as_admin" time="0.480" /><testcase classname="backend.tests.test_blog_slots.TestBlogAdmin" name="test_create_article_as_admin" time="0.106" /><testcase classname="backend.tests.test_blog_slots.TestBlogAdmin" name="test_admin_created_article_is_published" time="0.096" /><testcase classname="backend.tests.test_blog_slots.TestBlogAdmin" name="test_update_article_as_admin" time="0.105" /><testcase classname="backend.tests.test_blog_slots.TestBlogAdmin" name="test_delete_article_as_admin" time="0.119" /><testcase classname="backend.tests.test_blog_slots.TestBlogTherapist" name="test_therapist_can_create_article" time="0.426" /><testcase classname="backend.tests.test_blog_slots.TestBlogTherapist" name="test_admin_can_approve_therapist_article" time="0.107" /><testcase classname="backend.tests.test_blog_slots.TestBlogTherapist" name="test_admin_can_reject_article" time="0.324" /><testcase classname="backend.tests.test_blog_slots.TestBlogTherapist" name="test_cleanup_therapist_article" time="0.103" /><testcase classname="backend.tests.test_blog_slots.TestSlots" name="test_slots_endpoint_returns_200" time="0.114" /><testcase classname="backend.tests.test_blog_slots.TestSlots" name="test_slots_count_approx_52" time="0.104" /><testcase classname="backend.tests.test_blog_slots.TestSlots" name="test_slots_have_data_ora_fmt" time="0.125" /><testcase classname="backend.tests.test_blog_slots.TestSlots" name="test_slots_have_disponibile_field" time="0.106" /><testcase classname="backend.tests.test_blog_slots.TestSlots" name="test_slots_available_are_true" time="0.104" /></testsuite></testsuites>