<?xml version="1.0" encoding="utf-8"?><testsuites name="pytest tests"><testsuite name="pytest" errors="0" failures="1" skipped="0" tests="14" time="3.272" timestamp="2026-04-18T07:03:20.598451+00:00" hostname="agent-env-d367edc9-16ce-4583-914a-d90a373dacc0"><testcase classname="backend.tests.test_funzionabene.TestAuth" name="test_admin_login_returns_role" time="0.465" /><testcase classname="backend.tests.test_funzionabene.TestAuth" name="test_terapeuta_login" time="0.357" /><testcase classname="backend.tests.test_funzionabene.TestAuth" name="test_paziente_login" time="0.353" /><testcase classname="backend.tests.test_funzionabene.TestAuth" name="test_invalid_credentials" time="0.105" /><testcase classname="backend.tests.test_funzionabene.TestAuth" name="test_auth_me_with_cookie" time="0.422" /><testcase classname="backend.tests.test_funzionabene.TestAuth" name="test_register_otp_flow" time="0.489" /><testcase classname="backend.tests.test_funzionabene.TestAuth" name="test_logout" time="0.371" /><testcase classname="backend.tests.test_funzionabene.TestDashboard" name="test_get_stats" time="0.053"><failure message="AssertionError: assert 'appuntamenti' in {'appuntamenti_oggi': 0, 'appuntamenti_totali': 0, 'articoli_in_revisione': 0, 'pazienti': 2, ...}">backend/tests/test_funzionabene.py:111: in test_get_stats
    assert "appuntamenti" in data
E   AssertionError: assert 'appuntamenti' in {'appuntamenti_oggi': 0, 'appuntamenti_totali': 0, 'articoli_in_revisione': 0, 'pazienti': 2, ...}</failure></testcase><testcase classname="backend.tests.test_funzionabene.TestDashboard" name="test_stats_unauthorized" time="0.114" /><testcase classname="backend.tests.test_funzionabene.TestTerapisti" name="test_list_terapisti" time="0.052" /><testcase classname="backend.tests.test_funzionabene.TestTerapisti" name="test_create_and_delete_terapista" time="0.147" /><testcase classname="backend.tests.test_funzionabene.TestPazienti" name="test_list_pazienti" time="0.047" /><testcase classname="backend.tests.test_funzionabene.TestPazienti" name="test_create_and_delete_paziente" time="0.097" /><testcase classname="backend.tests.test_funzionabene.TestAppuntamenti" name="test_list_appuntamenti" time="0.051" /></testsuite></testsuites>