<?xml version="1.0" encoding="utf-8"?><testsuites name="pytest tests"><testsuite name="pytest" errors="0" failures="0" skipped="0" tests="23" time="6.435" timestamp="2026-04-19T18:10:55.922226+00:00" hostname="agent-env-d367edc9-16ce-4583-914a-d90a373dacc0"><testcase classname="tests.test_sms_docs_iter5.TestSMSOTP" name="test_send_otp_requires_auth" time="0.168" /><testcase classname="tests.test_sms_docs_iter5.TestSMSOTP" name="test_send_otp_missing_phone" time="0.399" /><testcase classname="tests.test_sms_docs_iter5.TestSMSOTP" name="test_send_otp_success_returns_otp_dev" time="0.653" /><testcase classname="tests.test_sms_docs_iter5.TestSMSOTP" name="test_verify_otp_invalid_code" time="0.054" /><testcase classname="tests.test_sms_docs_iter5.TestSMSOTP" name="test_verify_otp_success" time="0.641" /><testcase classname="tests.test_sms_docs_iter5.TestTherapistDocuments" name="test_upload_doc_requires_auth" time="0.104" /><testcase classname="tests.test_sms_docs_iter5.TestTherapistDocuments" name="test_upload_doc_requires_terapeuta_role" time="0.391" /><testcase classname="tests.test_sms_docs_iter5.TestTherapistDocuments" name="test_upload_doc_invalid_tipo" time="0.065" /><testcase classname="tests.test_sms_docs_iter5.TestTherapistDocuments" name="test_upload_doc_invalid_extension" time="0.052" /><testcase classname="tests.test_sms_docs_iter5.TestTherapistDocuments" name="test_upload_cv_success" time="0.052" /><testcase classname="tests.test_sms_docs_iter5.TestTherapistDocuments" name="test_upload_assicurazione_success" time="0.063" /><testcase classname="tests.test_sms_docs_iter5.TestTherapistDocuments" name="test_upload_laurea_success" time="0.084" /><testcase classname="tests.test_sms_docs_iter5.TestTherapistDocuments" name="test_list_my_docs" time="0.076" /><testcase classname="tests.test_sms_docs_iter5.TestAutocertificazioneDPR445" name="test_autocert_requires_auth" time="0.121" /><testcase classname="tests.test_sms_docs_iter5.TestAutocertificazioneDPR445" name="test_autocert_requires_terapeuta_role" time="0.050" /><testcase classname="tests.test_sms_docs_iter5.TestAutocertificazioneDPR445" name="test_autocert_success" time="0.072" /><testcase classname="tests.test_sms_docs_iter5.TestAdminDocumentReview" name="test_admin_list_docs_requires_admin" time="0.110" /><testcase classname="tests.test_sms_docs_iter5.TestAdminDocumentReview" name="test_admin_list_docs_success" time="0.475" /><testcase classname="tests.test_sms_docs_iter5.TestAdminDocumentReview" name="test_admin_download_doc" time="0.115" /><testcase classname="tests.test_sms_docs_iter5.TestAdminDocumentReview" name="test_admin_toggle_verifica" time="0.168" /><testcase classname="tests.test_sms_docs_iter5.TestPublicTerapistiFilter" name="test_public_terapisti_only_verified" time="0.276" /><testcase classname="tests.test_sms_docs_iter5.TestPrenotaPhoneVerification" name="test_prenota_requires_phone_verification" time="0.783" /><testcase classname="tests.test_sms_docs_iter5.TestPrenotaPhoneVerification" name="test_prenota_after_sms_verification" time="1.380" /></testsuite></testsuites>