<?xml version="1.0" encoding="utf-8"?><testsuites name="pytest tests"><testsuite name="pytest" errors="0" failures="0" skipped="0" tests="15" time="6.833" timestamp="2026-04-19T09:32:52.232267+00:00" hostname="agent-env-d367edc9-16ce-4583-914a-d90a373dacc0"><testcase classname="backend.tests.test_iteration4.TestComputeCF" name="test_compute_cf_italian_male" time="0.462" /><testcase classname="backend.tests.test_iteration4.TestComputeCF" name="test_compute_cf_italian_female" time="0.376" /><testcase classname="backend.tests.test_iteration4.TestComputeCF" name="test_compute_cf_estero_brasile" time="0.378" /><testcase classname="backend.tests.test_iteration4.TestComputeCF" name="test_compute_cf_invalid_gender_altro" time="0.373" /><testcase classname="backend.tests.test_iteration4.TestComputeCF" name="test_compute_cf_invalid_gender_preferisco" time="0.376" /><testcase classname="backend.tests.test_iteration4.TestComputeCF" name="test_compute_cf_requires_auth" time="0.423" /><testcase classname="backend.tests.test_iteration4.TestConversazioni" name="test_conversazioni_paziente" time="0.371" /><testcase classname="backend.tests.test_iteration4.TestConversazioni" name="test_conversazioni_terapeuta" time="0.366" /><testcase classname="backend.tests.test_iteration4.TestConversazioni" name="test_conversazioni_requires_auth" time="0.099" /><testcase classname="backend.tests.test_iteration4.TestMessaggi" name="test_get_messaggi" time="0.434" /><testcase classname="backend.tests.test_iteration4.TestMessaggi" name="test_send_message_paziente" time="0.428" /><testcase classname="backend.tests.test_iteration4.TestMessaggi" name="test_send_message_terapeuta" time="0.427" /><testcase classname="backend.tests.test_iteration4.TestBookingFlow" name="test_prenota_creates_confermato_appointment" time="0.995" /><testcase classname="backend.tests.test_iteration4.TestBookingFlow" name="test_prenota_requires_paziente_role" time="0.390" /><testcase classname="backend.tests.test_iteration4.TestEmailReminders" name="test_booking_triggers_email_logs" time="0.866" /></testsuite></testsuites>