<?xml version="1.0" encoding="utf-8"?><testsuites name="pytest tests"><testsuite name="pytest" errors="0" failures="0" skipped="0" tests="15" time="4.226" timestamp="2026-04-18T12:00:57.134669+00:00" hostname="agent-env-d367edc9-16ce-4583-914a-d90a373dacc0"><testcase classname="backend.tests.test_public_routes.TestPublicTerapisti" name="test_public_terapisti_list" time="0.279" /><testcase classname="backend.tests.test_public_routes.TestPublicTerapisti" name="test_public_terapista_profile" time="0.296" /><testcase classname="backend.tests.test_public_routes.TestPublicTerapisti" name="test_public_terapista_not_found" time="0.118" /><testcase classname="backend.tests.test_public_routes.TestPublicMatching" name="test_matching_basic" time="0.135" /><testcase classname="backend.tests.test_public_routes.TestPublicMatching" name="test_matching_female_preference_scores_higher" time="0.115" /><testcase classname="backend.tests.test_public_routes.TestPublicMatching" name="test_matching_empty_payload" time="0.165" /><testcase classname="backend.tests.test_public_routes.TestPublicBlog" name="test_public_blog_list" time="0.140" /><testcase classname="backend.tests.test_public_routes.TestPublicFAQ" name="test_public_faq_list" time="0.103" /><testcase classname="backend.tests.test_public_routes.TestSlots" name="test_slots_endpoint" time="0.244" /><testcase classname="backend.tests.test_public_routes.TestBookingFlow" name="test_full_booking_flow" time="0.694" /><testcase classname="backend.tests.test_public_routes.TestBookingFlow" name="test_prenota_requires_auth" time="0.105" /><testcase classname="backend.tests.test_public_routes.TestBookingFlow" name="test_prenota_requires_paziente_role" time="0.480" /><testcase classname="backend.tests.test_public_routes.TestAuthEndpoints" name="test_register_returns_otp_dev" time="0.325" /><testcase classname="backend.tests.test_public_routes.TestAuthEndpoints" name="test_resend_otp_returns_otp_dev" time="0.429" /><testcase classname="backend.tests.test_public_routes.TestAuthEndpoints" name="test_verify_otp_sets_cookies" time="0.492" /></testsuite></testsuites>